mode: set
github.com/ricardomgoncalves/truphone_ta_go/internal/countrycode/countrycode.go:7.39,10.2 2 1
github.com/ricardomgoncalves/truphone_ta_go/internal/errors/errors.go:11.32,13.2 1 1
github.com/ricardomgoncalves/truphone_ta_go/internal/errors/errors.go:17.55,19.2 1 1
github.com/ricardomgoncalves/truphone_ta_go/internal/errors/errors.go:22.55,23.16 1 1
github.com/ricardomgoncalves/truphone_ta_go/internal/errors/errors.go:26.2,29.34 2 1
github.com/ricardomgoncalves/truphone_ta_go/internal/errors/errors.go:32.2,32.32 1 1
github.com/ricardomgoncalves/truphone_ta_go/internal/errors/errors.go:23.16,25.3 1 1
github.com/ricardomgoncalves/truphone_ta_go/internal/errors/errors.go:29.34,31.3 1 1
github.com/ricardomgoncalves/truphone_ta_go/internal/errors/errors.go:36.26,37.17 1 1
github.com/ricardomgoncalves/truphone_ta_go/internal/errors/errors.go:45.2,45.10 1 1
github.com/ricardomgoncalves/truphone_ta_go/internal/errors/errors.go:37.17,39.10 2 1
github.com/ricardomgoncalves/truphone_ta_go/internal/errors/errors.go:43.3,43.18 1 1
github.com/ricardomgoncalves/truphone_ta_go/internal/errors/errors.go:39.10,41.12 2 1
github.com/ricardomgoncalves/truphone_ta_go/internal/errors/errors.go:49.34,50.17 1 1
github.com/ricardomgoncalves/truphone_ta_go/internal/errors/errors.go:58.2,58.14 1 1
github.com/ricardomgoncalves/truphone_ta_go/internal/errors/errors.go:50.17,52.10 2 1
github.com/ricardomgoncalves/truphone_ta_go/internal/errors/errors.go:56.3,56.25 1 1
github.com/ricardomgoncalves/truphone_ta_go/internal/errors/errors.go:52.10,54.12 2 1
github.com/ricardomgoncalves/truphone_ta_go/internal/errors/errors.go:62.41,63.43 1 1
github.com/ricardomgoncalves/truphone_ta_go/internal/errors/errors.go:63.43,65.3 1 1
github.com/ricardomgoncalves/truphone_ta_go/internal/errors/errors.go:83.50,84.18 1 1
github.com/ricardomgoncalves/truphone_ta_go/internal/errors/errors.go:87.2,90.3 1 1
github.com/ricardomgoncalves/truphone_ta_go/internal/errors/errors.go:84.18,86.3 1 1
github.com/ricardomgoncalves/truphone_ta_go/internal/errors/errors.go:94.71,95.18 1 1
github.com/ricardomgoncalves/truphone_ta_go/internal/errors/errors.go:98.2,101.3 1 1
github.com/ricardomgoncalves/truphone_ta_go/internal/errors/errors.go:95.18,97.3 1 1
github.com/ricardomgoncalves/truphone_ta_go/internal/errors/errors.go:105.35,107.2 1 1
github.com/ricardomgoncalves/truphone_ta_go/internal/errors/errors.go:110.35,112.2 1 1
github.com/ricardomgoncalves/truphone_ta_go/internal/errors/errors.go:121.37,126.2 1 1
github.com/ricardomgoncalves/truphone_ta_go/internal/errors/errors.go:129.33,131.2 1 1
github.com/ricardomgoncalves/truphone_ta_go/internal/errors/errors.go:134.33,136.2 1 1
github.com/ricardomgoncalves/truphone_ta_go/internal/errors/errors.go:145.42,150.2 1 1
github.com/ricardomgoncalves/truphone_ta_go/internal/errors/errors.go:153.31,155.2 1 1
github.com/ricardomgoncalves/truphone_ta_go/internal/errors/errors.go:158.31,160.2 1 1
github.com/ricardomgoncalves/truphone_ta_go/internal/errors/errors.go:162.27,164.2 1 1
github.com/ricardomgoncalves/truphone_ta_go/internal/errors/errors.go:172.35,176.2 1 1
github.com/ricardomgoncalves/truphone_ta_go/internal/errors/errors.go:179.35,181.2 1 1
github.com/ricardomgoncalves/truphone_ta_go/internal/errors/errors.go:184.35,186.2 1 1
github.com/ricardomgoncalves/truphone_ta_go/internal/errors/errors.go:188.39,190.2 1 1
github.com/ricardomgoncalves/truphone_ta_go/pkg/family/family.go:13.43,15.2 1 1
github.com/ricardomgoncalves/truphone_ta_go/pkg/family/member.go:22.43,24.2 1 1
github.com/ricardomgoncalves/truphone_ta_go/pkg/family/member.go:38.35,50.2 1 1
github.com/ricardomgoncalves/truphone_ta_go/pkg/family/member.go:52.44,55.16 3 1
github.com/ricardomgoncalves/truphone_ta_go/pkg/family/member.go:59.2,69.8 1 1
github.com/ricardomgoncalves/truphone_ta_go/pkg/family/member.go:55.16,57.3 1 1
github.com/ricardomgoncalves/truphone_ta_go/pkg/family/member.go:72.48,74.48 2 1
github.com/ricardomgoncalves/truphone_ta_go/pkg/family/member.go:78.2,79.16 2 1
github.com/ricardomgoncalves/truphone_ta_go/pkg/family/member.go:83.2,84.12 2 1
github.com/ricardomgoncalves/truphone_ta_go/pkg/family/member.go:74.48,76.3 1 0
github.com/ricardomgoncalves/truphone_ta_go/pkg/family/member.go:79.16,81.3 1 0
github.com/ricardomgoncalves/truphone_ta_go/internal/postgres/connection.go:8.90,10.2 1 1
github.com/ricardomgoncalves/truphone_ta_go/internal/postgres/connection.go:12.83,14.16 2 1
github.com/ricardomgoncalves/truphone_ta_go/internal/postgres/connection.go:18.2,22.40 4 1
github.com/ricardomgoncalves/truphone_ta_go/internal/postgres/connection.go:26.2,35.20 7 1
github.com/ricardomgoncalves/truphone_ta_go/internal/postgres/connection.go:40.2,40.30 1 1
github.com/ricardomgoncalves/truphone_ta_go/internal/postgres/connection.go:14.16,16.3 1 1
github.com/ricardomgoncalves/truphone_ta_go/internal/postgres/connection.go:22.40,25.3 2 1
github.com/ricardomgoncalves/truphone_ta_go/internal/postgres/connection.go:35.20,38.3 2 1
github.com/ricardomgoncalves/truphone_ta_go/internal/postgres/family.go:16.50,18.2 1 0
github.com/ricardomgoncalves/truphone_ta_go/internal/postgres/family.go:20.44,22.2 1 0
github.com/ricardomgoncalves/truphone_ta_go/internal/postgres/family.go:24.38,26.2 1 0
github.com/ricardomgoncalves/truphone_ta_go/internal/postgres/family.go:28.57,29.26 1 0
github.com/ricardomgoncalves/truphone_ta_go/internal/postgres/family.go:32.2,33.12 2 0
github.com/ricardomgoncalves/truphone_ta_go/internal/postgres/family.go:29.26,31.3 1 0
github.com/ricardomgoncalves/truphone_ta_go/internal/postgres/family.go:36.56,38.2 1 0
github.com/ricardomgoncalves/truphone_ta_go/internal/postgres/member.go:16.53,18.2 1 0
github.com/ricardomgoncalves/truphone_ta_go/internal/postgres/member.go:20.44,22.2 1 0
github.com/ricardomgoncalves/truphone_ta_go/internal/postgres/member.go:24.38,26.2 1 0
github.com/ricardomgoncalves/truphone_ta_go/internal/postgres/member.go:28.57,29.26 1 0
github.com/ricardomgoncalves/truphone_ta_go/internal/postgres/member.go:32.2,33.12 2 0
github.com/ricardomgoncalves/truphone_ta_go/internal/postgres/member.go:29.26,31.3 1 0
github.com/ricardomgoncalves/truphone_ta_go/internal/postgres/member.go:36.56,38.2 1 0
github.com/ricardomgoncalves/truphone_ta_go/internal/postgres/migration.go:7.38,9.2 1 0
github.com/ricardomgoncalves/truphone_ta_go/internal/postgres/postgres.go:17.41,21.2 1 0
github.com/ricardomgoncalves/truphone_ta_go/internal/postgres/postgres.go:28.88,34.73 4 0
github.com/ricardomgoncalves/truphone_ta_go/internal/postgres/postgres.go:38.2,38.25 1 0
github.com/ricardomgoncalves/truphone_ta_go/internal/postgres/postgres.go:34.73,36.3 1 0
github.com/ricardomgoncalves/truphone_ta_go/internal/postgres/postgres.go:41.88,47.73 4 0
github.com/ricardomgoncalves/truphone_ta_go/internal/postgres/postgres.go:51.2,51.25 1 0
github.com/ricardomgoncalves/truphone_ta_go/internal/postgres/postgres.go:47.73,49.3 1 0
github.com/ricardomgoncalves/truphone_ta_go/internal/postgres/postgres.go:54.127,57.33 2 0
github.com/ricardomgoncalves/truphone_ta_go/internal/postgres/postgres.go:61.2,61.35 1 0
github.com/ricardomgoncalves/truphone_ta_go/internal/postgres/postgres.go:65.2,68.45 3 0
github.com/ricardomgoncalves/truphone_ta_go/internal/postgres/postgres.go:72.2,73.27 2 0
github.com/ricardomgoncalves/truphone_ta_go/internal/postgres/postgres.go:81.2,81.21 1 0
github.com/ricardomgoncalves/truphone_ta_go/internal/postgres/postgres.go:57.33,59.3 1 0
github.com/ricardomgoncalves/truphone_ta_go/internal/postgres/postgres.go:61.35,63.3 1 0
github.com/ricardomgoncalves/truphone_ta_go/internal/postgres/postgres.go:68.45,70.3 1 0
github.com/ricardomgoncalves/truphone_ta_go/internal/postgres/postgres.go:73.27,74.17 1 0
github.com/ricardomgoncalves/truphone_ta_go/internal/postgres/postgres.go:78.3,78.28 1 0
github.com/ricardomgoncalves/truphone_ta_go/internal/postgres/postgres.go:74.17,75.12 1 0
github.com/ricardomgoncalves/truphone_ta_go/internal/postgres/postgres.go:84.50,85.26 1 0
github.com/ricardomgoncalves/truphone_ta_go/internal/postgres/postgres.go:86.11,87.13 1 0
github.com/ricardomgoncalves/truphone_ta_go/internal/postgres/postgres.go:88.17,89.18 1 0
github.com/ricardomgoncalves/truphone_ta_go/internal/postgres/postgres.go:99.3,99.53 1 0
github.com/ricardomgoncalves/truphone_ta_go/internal/postgres/postgres.go:100.10,101.36 1 0
github.com/ricardomgoncalves/truphone_ta_go/internal/postgres/postgres.go:104.3,104.53 1 0
github.com/ricardomgoncalves/truphone_ta_go/internal/postgres/postgres.go:90.16,91.15 1 0
github.com/ricardomgoncalves/truphone_ta_go/internal/postgres/postgres.go:92.16,93.15 1 0
github.com/ricardomgoncalves/truphone_ta_go/internal/postgres/postgres.go:94.16,95.60 1 0
github.com/ricardomgoncalves/truphone_ta_go/internal/postgres/postgres.go:96.16,97.53 1 0
github.com/ricardomgoncalves/truphone_ta_go/internal/postgres/postgres.go:101.36,103.4 1 0
github.com/ricardomgoncalves/truphone_ta_go/internal/postgres/postgres.go:108.50,109.26 1 0
github.com/ricardomgoncalves/truphone_ta_go/internal/postgres/postgres.go:110.11,111.13 1 0
github.com/ricardomgoncalves/truphone_ta_go/internal/postgres/postgres.go:112.17,113.18 1 0
github.com/ricardomgoncalves/truphone_ta_go/internal/postgres/postgres.go:123.3,123.53 1 0
github.com/ricardomgoncalves/truphone_ta_go/internal/postgres/postgres.go:124.10,125.36 1 0
github.com/ricardomgoncalves/truphone_ta_go/internal/postgres/postgres.go:128.3,128.53 1 0
github.com/ricardomgoncalves/truphone_ta_go/internal/postgres/postgres.go:114.16,115.15 1 0
github.com/ricardomgoncalves/truphone_ta_go/internal/postgres/postgres.go:116.16,117.15 1 0
github.com/ricardomgoncalves/truphone_ta_go/internal/postgres/postgres.go:118.16,119.60 1 0
github.com/ricardomgoncalves/truphone_ta_go/internal/postgres/postgres.go:120.16,121.53 1 0
github.com/ricardomgoncalves/truphone_ta_go/internal/postgres/postgres.go:125.36,127.4 1 0
github.com/ricardomgoncalves/truphone_ta_go/cmd/migrate/app/command.go:15.18,22.48 5 0
github.com/ricardomgoncalves/truphone_ta_go/cmd/migrate/app/command.go:48.2,48.25 1 0
github.com/ricardomgoncalves/truphone_ta_go/cmd/migrate/app/command.go:22.48,30.17 2 0
github.com/ricardomgoncalves/truphone_ta_go/cmd/migrate/app/command.go:34.3,37.17 3 0
github.com/ricardomgoncalves/truphone_ta_go/cmd/migrate/app/command.go:41.3,41.51 1 0
github.com/ricardomgoncalves/truphone_ta_go/cmd/migrate/app/command.go:45.3,45.13 1 0
github.com/ricardomgoncalves/truphone_ta_go/cmd/migrate/app/command.go:30.17,32.4 1 0
github.com/ricardomgoncalves/truphone_ta_go/cmd/migrate/app/command.go:37.17,39.4 1 0
github.com/ricardomgoncalves/truphone_ta_go/cmd/migrate/app/command.go:41.51,43.4 1 0
github.com/ricardomgoncalves/truphone_ta_go/cmd/migrate/app/options.go:16.28,18.2 1 1
github.com/ricardomgoncalves/truphone_ta_go/cmd/migrate/app/options.go:20.42,30.2 2 0
github.com/ricardomgoncalves/truphone_ta_go/cmd/service/app/app.go:10.33,12.2 1 1
github.com/ricardomgoncalves/truphone_ta_go/cmd/service/app/app.go:14.43,22.16 2 0
github.com/ricardomgoncalves/truphone_ta_go/cmd/service/app/app.go:26.2,27.12 2 0
github.com/ricardomgoncalves/truphone_ta_go/cmd/service/app/app.go:22.16,24.3 1 0
github.com/ricardomgoncalves/truphone_ta_go/cmd/service/app/command.go:12.18,19.48 5 0
github.com/ricardomgoncalves/truphone_ta_go/cmd/service/app/command.go:24.2,24.25 1 0
github.com/ricardomgoncalves/truphone_ta_go/cmd/service/app/command.go:19.48,22.3 2 0
github.com/ricardomgoncalves/truphone_ta_go/cmd/service/app/options.go:16.28,18.2 1 1
github.com/ricardomgoncalves/truphone_ta_go/cmd/service/app/options.go:20.42,30.2 2 0
